FoxDiary/proguard/mapping.txt
com.foxchan.foxdiary.core.AppConfig -> com.foxchan.foxdiary.core.a:
    com.foxchan.foxdiary.core.AppConfig appConfig -> a
    android.content.SharedPreferences preferences -> b
    android.content.SharedPreferences$Editor editor -> c
    android.content.Context context -> d
    com.foxchan.foxdiary.core.AppConfig getInstance(android.content.Context) -> a
    void persistConfig(java.util.HashMap) -> a
    void persistConfig(java.lang.String,java.lang.Object) -> a
    java.lang.String getPreferencesString(java.lang.String) -> a
    java.util.Properties loadProperties() -> a
    void persistProperties(java.util.Properties) -> a
    void setProperty(java.lang.String,java.lang.String) -> a
    void removeProperties(java.lang.String[]) -> a
com.foxchan.foxdiary.core.AppContext -> com.foxchan.foxdiary.core.AppContext:
    java.util.LinkedHashMap diaryMapForShow -> a
    com.foxchan.foxdiary.entity.Diary tempDiary -> b
    com.baidu.location.LocationClient locationClient -> c
    void onCreate() -> onCreate
    void addDiaryToDiaryLineView(java.util.List) -> a
    com.baidu.location.LocationClient getLocationClient() -> a
com.foxchan.foxdiary.core.AppStart -> com.foxchan.foxdiary.core.AppStart:
    void onCreate(android.os.Bundle) -> onCreate
    boolean onCreateOptionsMenu(android.view.Menu) -> onCreateOptionsMenu
com.foxchan.foxdiary.core.widgets.FakeActivity -> com.foxchan.foxdiary.core.widgets.a:
    void onResume() -> a
    void onDestroy() -> b
com.foxchan.foxdiary.core.widgets.FoxActivity -> com.foxchan.foxdiary.core.widgets.FoxActivity:
    android.media.AudioManager am -> a
    void onCreate(android.os.Bundle) -> onCreate
    boolean onKeyDown(int,android.view.KeyEvent) -> onKeyDown
com.foxchan.foxdiary.core.widgets.FoxConfirmDialog -> com.foxchan.foxdiary.core.widgets.b:
    android.widget.LinearLayout llDialog -> a
    android.widget.TextView tvTitle -> b
    android.widget.TextView tvContent -> c
    android.widget.ImageButton ibPositive -> d
    android.widget.ImageButton ibNegative -> e
    com.foxchan.foxdiary.core.widgets.FoxConfirmDialog setOnPositiveButtonClickListener(android.content.DialogInterface$OnClickListener) -> a
    com.foxchan.foxdiary.core.widgets.FoxConfirmDialog setOnNegativeButtonClickListener(android.content.DialogInterface$OnClickListener) -> b
com.foxchan.foxdiary.core.widgets.FoxConfirmDialog$1 -> com.foxchan.foxdiary.core.widgets.c:
    com.foxchan.foxdiary.core.widgets.FoxConfirmDialog this$0 -> a
    android.content.DialogInterface$OnClickListener val$onPositiveButtonClickListener -> b
    void onClick(android.view.View) -> onClick
com.foxchan.foxdiary.core.widgets.FoxConfirmDialog$2 -> com.foxchan.foxdiary.core.widgets.d:
    com.foxchan.foxdiary.core.widgets.FoxConfirmDialog this$0 -> a
    android.content.DialogInterface$OnClickListener val$onNegativeButtonClickListener -> b
    void onClick(android.view.View) -> onClick
com.foxchan.foxdiary.core.widgets.FoxInputDialog -> com.foxchan.foxdiary.core.widgets.e:
    android.widget.LinearLayout llDialog -> a
    android.widget.TextView tvTitle -> b
    android.widget.EditText etContent -> c
    android.widget.ImageButton ibPositive -> d
    android.widget.ImageButton ibNegative -> e
    com.foxchan.foxdiary.core.widgets.FoxInputDialog setOnPositiveButtonClickListener(com.foxchan.foxdiary.core.widgets.FoxInputDialog$OnClickListener) -> a
    com.foxchan.foxdiary.core.widgets.FoxInputDialog setOnNegativeButtonClickListener(com.foxchan.foxdiary.core.widgets.FoxInputDialog$OnClickListener) -> b
    void show() -> show
    void hide() -> hide
    android.widget.EditText access$0(com.foxchan.foxdiary.core.widgets.FoxInputDialog) -> a
com.foxchan.foxdiary.core.widgets.FoxInputDialog$1 -> com.foxchan.foxdiary.core.widgets.f:
    com.foxchan.foxdiary.core.widgets.FoxInputDialog this$0 -> a
    com.foxchan.foxdiary.core.widgets.FoxInputDialog$OnClickListener val$onPositiveButtonClickListener -> b
    void onClick(android.view.View) -> onClick
...
android.support.v4.widget.EdgeEffectCompat$EdgeEffectImpl -> android.support.v4.d.d:
    java.lang.Object newEdgeEffect(android.content.Context) -> a
    void setSize(java.lang.Object,int,int) -> a
    boolean isFinished(java.lang.Object) -> a
    void finish(java.lang.Object) -> b
    boolean onPull(java.lang.Object,float) -> a
    boolean onRelease(java.lang.Object) -> c
    boolean draw(java.lang.Object,android.graphics.Canvas) -> a
cn.com.lezhixing.foxdb.R -> a.a.a.a.a:
cn.com.lezhixing.foxdb.R$layout -> a.a.a.a.b:
    int start -> a
cn.com.lezhixing.foxdb.R$menu -> a.a.a.a.c:
    int fox_dbtest -> a
com.baidu.location.BDLocation -> com.baidu.location.a:
    int if -> c
    java.lang.String d -> d
    double else -> e
    double for -> f
    boolean c -> g
    double f -> h
    boolean int -> i
    float new -> j
    boolean try -> k
    float long -> l
    boolean b -> m
    int do -> n
    float char -> o
    java.lang.String goto -> p
    java.lang.String byte -> q
    boolean void -> r
    boolean case -> s
    java.lang.String a -> t
    java.lang.String mServerString -> a
    boolean e -> u
    com.baidu.location.BDLocation$a mAddr -> b
    double getLatitude() -> a
    double getLongitude() -> b
    float getRadius() -> c
    void setRadius(float) -> a
    int getLocType() -> d
com.baidu.location.BDLocation$a -> com.baidu.location.b:
    java.lang.String if -> a
    java.lang.String new -> b
    java.lang.String int -> c
    java.lang.String byte -> d
    java.lang.String do -> e
    java.lang.String for -> f
    java.lang.String try -> g
    com.baidu.location.BDLocation a -> h
com.baidu.location.BDLocationListener -> com.baidu.location.c:
    void onReceiveLocation(com.baidu.location.BDLocation) -> a
    void onReceivePoi(com.baidu.location.BDLocation) -> b
com.baidu.location.BDNotifyListener -> com.baidu.location.d:
    double mLatitude -> a
    double mLongitude -> b
    float mRadius -> c
    float differDistance -> d
    java.lang.String mCoorType -> e
    double mLatitudeC -> f
    double mLongitudeC -> g
    int Notified -> h
    boolean isAdded -> i
    com.baidu.location.i mNotifyCache -> j
    void onNotify$60ae983(float) -> a
com.baidu.location.Jni -> com.baidu.location.Jni:
    int case -> a
    int try -> b
    int byte -> c
    int for -> d
    int int -> e
    int if -> f
    int a -> g
    int do -> h
    boolean new -> i
    java.lang.String a(byte[],int) -> a
    java.lang.String b(double,double,int,int) -> b
    java.lang.String if(java.lang.String) -> a
    double[] if(double,double,java.lang.String) -> a