FoxDiary/proguard/usage.txt
com.foxchan.foxdiary.core.AppConfig:
    private static final java.lang.String APP_CONFIG
    public static final java.lang.String CONF_COOKIE
    public static final java.lang.String CONF_APP_UNIQUEID
    public static final java.lang.String USER_IS_REMEMBER_ME
    public static final java.lang.String USER_ACCOUNT
    public static final java.lang.String USER_PASSWORD
    118:118:public java.lang.Integer getPreferencesInteger(java.lang.String)
    127:127:public java.lang.Boolean getPreferencesBoolean(java.lang.String)
    136:136:public java.lang.Float getPreferencesFloat(java.lang.String)
    145:145:public java.lang.Long getPreferencesLong(java.lang.String)
    153:153:public java.lang.String getCookie()
    172:173:public boolean containsProperty(java.lang.String)
com.foxchan.foxdiary.core.AppContext:
    public static final java.lang.String TAG
    39:43:public static void addDiaryToDiaryLineView(com.foxchan.foxdiary.entity.Diary)
    63:67:public static java.util.List getDiariesForShow()
    75:75:public static int getDiaryCountForShow()
    83:84:public void setLocationClient(com.baidu.location.LocationClient)
com.foxchan.foxdiary.core.BuildConfig
com.foxchan.foxdiary.core.R
com.foxchan.foxdiary.core.R$anim
com.foxchan.foxdiary.core.R$attr
com.foxchan.foxdiary.core.R$color
com.foxchan.foxdiary.core.R$dimen
com.foxchan.foxdiary.core.R$drawable
com.foxchan.foxdiary.core.R$id
com.foxchan.foxdiary.core.R$layout
com.foxchan.foxdiary.core.R$menu
com.foxchan.foxdiary.core.R$string
com.foxchan.foxdiary.core.R$style
com.foxchan.foxdiary.core.widgets.FakeActivity:
    public abstract android.view.View layoutView()
    public abstract void onCreate(android.os.Bundle)
    34:34:public void onPause()
    39:39:public void onStop()
    44:44:public void onRestart()
    57:57:public void onActivityResult(int,int,android.content.Intent)
com.foxchan.foxdiary.core.widgets.FoxConfirmDialog:
    118:120:public void setTitleAndContent(java.lang.String,java.lang.String)
com.foxchan.foxdiary.core.widgets.FoxToast:
    134:137:public static void showWarning(android.content.Context,java.lang.CharSequence,int)
com.foxchan.foxdiary.core.widgets.RefreshListView:
    private static final int CONTINU_TO_PULL
    private static final int IN_POSITION
    private static final int TASK_DOING
    private static final int TASK_DONE
    private static final int MAX_Y_OVERSCROLL_DISTANCE
    428:429:public void setExistMoreData(boolean)
com.foxchan.foxdiary.core.widgets.locuspassword.LocusPasswordPanel:
    341:344:public int[] getArrayIndex(int)
    567:568:public void markError()
    575:580:public void markError(long)
    659:660:private java.lang.String getPassword()
    670:670:public boolean isPasswordEmpty()
    675:684:public boolean verifyPassword(java.lang.String)
    694:698:public void resetPassWord(java.lang.String)
    707:708:public void setPasswordMinLength(int)
...
com.baidu.location.h$a
com.baidu.location.i:
    public static final java.lang.String new
    public void a(com.baidu.location.BDNotifyListener)
com.baidu.location.j:
    public static final boolean case
    public static final boolean B
    public static final boolean y
    private static final int T
    j()
    static java.lang.String a()
    public static void a(java.lang.String)
    public static void if(java.lang.String)
com.baidu.location.j$a:
    private static final boolean a
com.baidu.location.j$b:
    private static final java.lang.String if
    private static final java.lang.String do
    private static final java.lang.String for
    private static final java.lang.String a
    private j$b()
com.baidu.location.k:
    private static final int if
    private static final int for
    private static final int s
    private static final int d
    private static final int f
    private static final int goto
    k()
    public static void a(java.lang.String,int)
    public static void a(java.lang.String,int,boolean)
    public static void a(int,int)
    public static void a(int,int,boolean)
    public static void for()
    public static void new()
com.foxchan.foxdb.FoxDBTest:
    103:122:private void testTransaction(int)
    125:140:private void testSave(int)
com.foxchan.foxdb.Group:
    private java.lang.String id
    private java.lang.String name
    private java.util.List users
    14:14:public Group()
    24:24:public java.lang.String getId()
    28:29:public void setId(java.lang.String)
    32:32:public java.lang.String getName()
    36:37:public void setName(java.lang.String)
    40:40:public java.util.List getUsers()
    44:45:public void setUsers(java.util.List)
com.foxchan.foxdb.SchoolCard:
    private java.lang.String id
    private java.lang.String number
    10:10:public SchoolCard()
    18:18:public java.lang.String getId()
    22:23:public void setId(java.lang.String)
    26:26:public java.lang.String getNumber()
    30:31:public void setNumber(java.lang.String)
com.foxchan.foxdb.User:
    36:37:public void setId(java.lang.Integer)
    40:40:public java.lang.String getName()
    48:48:public java.lang.Boolean getIsGood()
    56:56:public java.util.Date getCreateDate()
    64:64:public java.lang.Double getWeight()
    72:72:public java.lang.Float getHeight()
    80:80:public com.foxchan.foxdb.Group getGroup()
    88:88:public com.foxchan.foxdb.SchoolCard getCard()
com.foxchan.foxdb.annotation.Entity
com.foxchan.foxdb.annotation.EnumType
com.foxchan.foxdb.annotation.Enumerated
com.foxchan.foxdb.annotation.Temporal
com.foxchan.foxdb.annotation.TemporalType
com.foxchan.foxdb.core.FoxDB:
    public static final java.lang.String TAG
    69:71:public static com.foxchan.foxdb.core.FoxDB create(android.content.Context)
    81:81:public static com.foxchan.foxdb.core.FoxDB create(android.content.Context,java.lang.String)
    92:92:public static com.foxchan.foxdb.core.FoxDB create(android.content.Context,java.lang.String,boolean)
    130:130:public static com.foxchan.foxdb.core.FoxDB create(com.foxchan.foxdb.core.FoxDB$DbConfiguration)
    157:158:public static void addNewColumns(java.util.List)
com.foxchan.foxdb.core.FoxDB$DbConfiguration:
    173:173:public android.content.Context getContext()
    189:189:public int getDbVersion()
com.foxchan.foxdb.core.SQLEngine:
    public abstract java.lang.String getCreateTableSQL(java.lang.Class)
    public abstract boolean isTableExist(com.foxchan.foxdb.engine.TableInfo)